#
# A fatal error has been detected by the Java Runtime Environment:
#
#  EXCEPTION_ACCESS_VIOLATION (0xc0000005) at pc=0x00000000645bea61, pid=5600, tid=0x0000000000001614
#
# JRE version: OpenJDK Runtime Environment (8.0_212-b04) (build 1.8.0_212-release-1586-b04)
# Java VM: OpenJDK 64-Bit Server VM (25.212-b04 mixed mode windows-amd64 compressed oops)
# Problematic frame:
# V  [jvm.dll+0x3cea61]
#
# Failed to write core dump. Minidumps are not enabled by default on client versions of Windows
#
# If you would like to submit a bug report, please visit:
#   
#

---------------  T H R E A D  ---------------

Current thread (0x00000000021ac800):  GCTaskThread [stack: 0x0000000012380000,0x0000000012480000] [id=5652]

siginfo: ExceptionCode=0xc0000005, reading address 0xffffffffffffffff

Registers:
RAX=0x0000000055b80640, RBX=0x00000000f4f6ead0, RCX=0x0000000015bb6c60, RDX=0x0000000056506800
RSP=0x000000001247f730, RBP=0x000000000ab700ef, RSI=0x0000000056506800, RDI=0x0000000000000055
R8 =0x00000000f4f6ead0, R9 =0x0000000015bb6c60, R10=0x0000000000000000, R11=0x00000000647ef698
R12=0x0000000011d226d5, R13=0x0000000000000055, R14=0x0000000000000001, R15=0x00000000021a98c0
RIP=0x00000000645bea61, EFLAGS=0x0000000000010a87

Top of Stack: (sp=0x000000001247f730)
0x000000001247f730:   000000000ab700ef 000000000ab700ef
0x000000001247f740:   0000000056506800 0000000000000055
0x000000001247f750:   0000000000000000 00000000645bed9d
0x000000001247f760:   00000000f4f6ead0 0000000056506800
0x000000001247f770:   0000000056506800 00000000f461fa20
0x000000001247f780:   00000000fd766a00 0000000000001000
0x000000001247f790:   00000000a5c5e5b0 0000000000000400
0x000000001247f7a0:   0000000000000000 0000000056506800
0x000000001247f7b0:   0000000011d226d5 00000000645beef0
0x000000001247f7c0:   00000000fd769324 0000000011d22701
0x000000001247f7d0:   0000000056506800 00000000a44dbc08
0x000000001247f7e0:   00000000fd769324 00000000645bfa95
0x000000001247f7f0:   00000000f3889c78 0000000011d22140
0x000000001247f800:   0000000056506800 0000000000000005
0x000000001247f810:   0000000056506800 00000000642b75ba
0x000000001247f820:   00000000a2fd2cc4 00000000642df8a7 

Instructions: (pc=0x00000000645bea61)
0x00000000645bea41:   cb 1c 39 00 eb 04 4c 8b 4b 08 41 81 79 08 00 00
0x00000000645bea51:   00 c0 73 12 49 8b 01 4c 8b c3 48 8b d6 49 8b c9
0x00000000645bea61:   ff 90 20 01 00 00 48 8b d7 48 8b cb e8 5e 1a 00
0x00000000645bea71:   00 48 8b c3 48 8b 5c 24 30 48 8b 74 24 38 48 83 


Register to memory mapping:

RAX={method} {0x0000000055b80648} 'hashCode' '()I' in 'java/lang/Object'
RBX=0x00000000f4f6ead0 is an oop

[error occurred during error reporting (printing register info), id 0xc0000005]

Stack: [0x0000000012380000,0x0000000012480000],  sp=0x000000001247f730,  free space=1021k
Native frames: (J=compiled Java code, j=interpreted, Vv=VM code, C=native code)
V  [jvm.dll+0x3cea61]
V  [jvm.dll+0x3ced9d]
V  [jvm.dll+0x3ceef0]
V  [jvm.dll+0x3cfa95]
V  [jvm.dll+0x3bf23f]
V  [jvm.dll+0x3d1a42]
V  [jvm.dll+0x3c0a0e]
V  [jvm.dll+0x26f53a]
C  [msvcr100.dll+0x21d9f]
C  [msvcr100.dll+0x21e3b]
C  [kernel32.dll+0x1652d]
C  [ntdll.dll+0x2c521]


---------------  P R O C E S S  ---------------

Java Threads: ( => current thread )
  0x000000005caf3000 JavaThread "stdout" [_thread_in_native, id=4572, stack(0x00000000761f0000,0x00000000762f0000)]
  0x000000005caef800 JavaThread "stderr" [_thread_in_native, id=6548, stack(0x0000000073de0000,0x0000000073ee0000)]
  0x000000005caf1800 JavaThread "pool-29-thread-1" [_thread_blocked, id=6164, stack(0x0000000072290000,0x0000000072390000)]
  0x000000005caee000 JavaThread "WorkerExecutor Queue Thread 3" [_thread_blocked, id=6204, stack(0x0000000072b40000,0x0000000072c40000)]
  0x000000005caee800 JavaThread "WorkerExecutor Queue Thread 2" [_thread_blocked, id=3604, stack(0x0000000068f60000,0x0000000069060000)]
  0x000000006c80c800 JavaThread "WorkerExecutor Queue" [_thread_blocked, id=5808, stack(0x0000000072a20000,0x0000000072b20000)]
  0x000000006c80a000 JavaThread "Cache worker for execution history cache (C:\Users\user\AndroidStudioProjects\Soright\.gradle\5.6.4\executionHistory)" [_thread_blocked, id=6712, stack(0x0000000072890000,0x0000000072990000)]
  0x000000006c811000 JavaThread "Execution worker for ':' Thread 3" [_thread_blocked, id=7040, stack(0x000000006e710000,0x000000006e810000)]
  0x000000006c80f800 JavaThread "Execution worker for ':' Thread 2" [_thread_blocked, id=5912, stack(0x00000000656f0000,0x00000000657f0000)]
  0x000000006c8ba000 JavaThread "Execution worker for ':'" [_thread_blocked, id=4884, stack(0x000000006ef00000,0x000000006f000000)]
  0x000000006c810000 JavaThread "Cache worker for file content cache (C:\Users\user\AndroidStudioProjects\Soright\.gradle\5.6.4\fileContent)" [_thread_blocked, id=7076, stack(0x000000006e600000,0x000000006e700000)]
  0x000000005a2a8000 JavaThread "Cache worker for Build Output Cleanup Cache (C:\Users\user\AndroidStudioProjects\Soright\.gradle\buildOutputCleanup)" [_thread_blocked, id=7072, stack(0x00000000657f0000,0x00000000658f0000)]
  0x000000005a2a7800 JavaThread "pool-25-thread-1" [_thread_blocked, id=6836, stack(0x0000000065580000,0x0000000065680000)]
  0x000000005a29e800 JavaThread "Build operations Thread 4" [_thread_blocked, id=6896, stack(0x0000000063bb0000,0x0000000063cb0000)]
  0x000000005a2a3800 JavaThread "Build operations Thread 3" [_thread_blocked, id=2712, stack(0x00000000640a0000,0x00000000641a0000)]
  0x000000005a2a2000 JavaThread "Build operations Thread 2" [_thread_blocked, id=5976, stack(0x0000000064ea0000,0x0000000064fa0000)]
  0x000000005a2a1800 JavaThread "Build operations" [_thread_blocked, id=5472, stack(0x000000005b280000,0x000000005b380000)]
  0x000000005a29d800 JavaThread "Cache worker for cache directory md-rule (C:\Users\user\.gradle\caches\5.6.4\md-rule)" [_thread_blocked, id=1544, stack(0x0000000062760000,0x0000000062860000)]
  0x000000005a2a6000 JavaThread "Cache worker for cache directory md-supplier (C:\Users\user\.gradle\caches\5.6.4\md-supplier)" [_thread_blocked, id=6520, stack(0x00000000634c0000,0x00000000635c0000)]
  0x000000005a2ab000 JavaThread "Cache worker for file hash cache (C:\Users\user\AndroidStudioProjects\Soright\.gradle\5.6.4\fileHashes)" [_thread_blocked, id=6580, stack(0x000000005c2f0000,0x000000005c3f0000)]
  0x000000006c8bf800 JavaThread "Thread-220" [_thread_blocked, id=6888, stack(0x00000000621d0000,0x00000000622d0000)]
  0x000000006c8be800 JavaThread "Stdin handler" [_thread_blocked, id=5380, stack(0x000000005ebe0000,0x000000005ece0000)]
  0x000000006c8be000 JavaThread "Asynchronous log dispatcher for DefaultDaemonConnection: socket connection from /127.0.0.1:55116 to /127.0.0.1:55943" [_thread_blocked, id=6036, stack(0x0000000061b50000,0x0000000061c50000)]
  0x000000006c8b8800 JavaThread "Daemon worker Thread 9" [_thread_blocked, id=620, stack(0x000000005c410000,0x000000005c510000)]
  0x000000006c8bb800 JavaThread "Cancel handler" [_thread_blocked, id=5440, stack(0x000000005c1e0000,0x000000005c2e0000)]
  0x000000006c8bc800 JavaThread "Handler for socket connection from /127.0.0.1:55116 to /127.0.0.1:55943" [_thread_in_native, id=5396, stack(0x000000005bdd0000,0x000000005bed0000)]
  0x000000006c8bb000 JavaThread "Daemon Thread 9" [_thread_blocked, id=6732, stack(0x000000005b830000,0x000000005b930000)]
  0x000000005caf0000 JavaThread "Cache worker for Java compile cache (C:\Users\user\.gradle\caches\5.6.4\javaCompile)" [_thread_blocked, id=5904, stack(0x0000000069060000,0x0000000069160000)]
  0x000000005a2aa800 JavaThread "Cache worker for file content cache (C:\Users\user\.gradle\caches\5.6.4\fileContent)" [_thread_blocked, id=5844, stack(0x0000000063ce0000,0x0000000063de0000)]
  0x000000005a2a9800 JavaThread "Memory manager" [_thread_blocked, id=5840, stack(0x00000000638b0000,0x00000000639b0000)]
  0x000000005a2a3000 JavaThread "Cache worker for execution history cache (C:\Users\user\.gradle\caches\5.6.4\executionHistory)" [_thread_blocked, id=5784, stack(0x0000000061840000,0x0000000061940000)]
  0x000000005a29d000 JavaThread "Cache worker for journal cache (C:\Users\user\.gradle\caches\journal-1)" [_thread_blocked, id=5768, stack(0x00000000576f0000,0x00000000577f0000)]
  0x000000005a29c000 JavaThread "File lock request listener" [_thread_in_native, id=5764, stack(0x000000005c6e0000,0x000000005c7e0000)]
  0x000000005a1a4000 JavaThread "Cache worker for file hash cache (C:\Users\user\.gradle\caches\5.6.4\fileHashes)" [_thread_blocked, id=5760, stack(0x000000005c530000,0x000000005c630000)]
  0x000000005a11a800 JavaThread "Daemon periodic checks" [_thread_blocked, id=5720, stack(0x000000005b610000,0x000000005b710000)]
  0x000000005a0fc000 JavaThread "Incoming local TCP Connector on port 55116" [_thread_in_native, id=5716, stack(0x000000005b4c0000,0x000000005b5c0000)]
  0x000000005a00b000 JavaThread "Daemon health stats" [_thread_blocked, id=5708, stack(0x0000000058430000,0x0000000058530000)]
  0x0000000057e0b000 JavaThread "Service Thread" daemon [_thread_blocked, id=5700, stack(0x0000000058600000,0x0000000058700000)]
  0x0000000057db2000 JavaThread "C1 CompilerThread2" daemon [_thread_blocked, id=5696, stack(0x00000000581f0000,0x00000000582f0000)]
  0x0000000057db1000 JavaThread "C2 CompilerThread1" daemon [_thread_blocked, id=5692, stack(0x0000000058330000,0x0000000058430000)]
  0x000000005656b800 JavaThread "C2 CompilerThread0" daemon [_thread_blocked, id=5688, stack(0x00000000579c0000,0x0000000057ac0000)]
  0x000000005657c000 JavaThread "Attach Listener" daemon [_thread_blocked, id=5684, stack(0x0000000057cb0000,0x0000000057db0000)]
  0x000000005657b000 JavaThread "Signal Dispatcher" daemon [_thread_blocked, id=5680, stack(0x0000000057ac0000,0x0000000057bc0000)]
  0x0000000056558800 JavaThread "Finalizer" daemon [_thread_blocked, id=5676, stack(0x0000000057800000,0x0000000057900000)]
  0x0000000056551000 JavaThread "Reference Handler" daemon [_thread_blocked, id=5672, stack(0x0000000057480000,0x0000000057580000)]
  0x000000000233e800 JavaThread "main" [_thread_blocked, id=5648, stack(0x0000000002570000,0x0000000002670000)]

Other Threads:
  0x0000000056509800 VMThread [stack: 0x00000000575f0000,0x00000000576f0000] [id=5668]
  0x0000000057e0c800 WatcherThread [stack: 0x00000000587b0000,0x00000000588b0000] [id=5704]

=>0x00000000021ac800 (exited) GCTaskThread [stack: 0x0000000012380000,0x0000000012480000] [id=5652]

VM state:at safepoint (normal execution)

VM Mutex/Monitor currently owned by a thread:  ([mutex/lock_event])
[0x000000000233c8a0] Threads_lock - owner thread: 0x0000000056509800
[0x000000000233cda0] Heap_lock - owner thread: 0x000000005caee000

heap address: 0x00000000a0000000, size: 1536 MB, Compressed Oops mode: 32-bit
Narrow klass base: 0x0000000000000000, Narrow klass shift: 0
Compressed class space size: 1073741824 Address: 0x0000000015b80000

Heap:
 PSYoungGen      total 364544K, used 344205K [0x00000000e0000000, 0x00000000fef00000, 0x0000000100000000)
  eden space 304640K, 99% used [0x00000000e0000000,0x00000000f297f998,0x00000000f2980000)
  from space 59904K, 66% used [0x00000000f2980000,0x00000000f5023d58,0x00000000f6400000)
  to   space 59904K, 61% used [0x00000000fb480000,0x00000000fd851360,0x00000000fef00000)
 ParOldGen       total 1048576K, used 96315K [0x00000000a0000000, 0x00000000e0000000, 0x00000000e0000000)
  object space 1048576K, 9% used [0x00000000a0000000,0x00000000a5e0edd0,0x00000000e0000000)
 Metaspace       used 130769K, capacity 138840K, committed 139048K, reserved 1169408K
  class space    used 17114K, capacity 18725K, committed 18728K, reserved 1048576K

Card table byte_map: [0x0000000011d00000,0x0000000012010000] byte_map_base: 0x0000000011800000

Marking Bits: (ParMarkBitMap*) 0x00000000649b9f30
 Begin Bits: [0x0000000012880000, 0x0000000014080000)
 End Bits:   [0x0000000014080000, 0x0000000015880000)

Polling page: 0x0000000000130000

CodeCache: size=245760Kb used=69584Kb max_used=69609Kb free=176175Kb
 bounds [0x0000000002940000, 0x0000000006db0000, 0x0000000011940000]
 total_blobs=21221 nmethods=20280 adapters=851
 compilation: enabled

Compilation events (10 events):
Event: 6270.995 Thread 0x000000005656b800 26001       4       org.objectweb.asm.FieldWriter::computeFieldInfoSize (201 bytes)
Event: 6270.998 Thread 0x0000000057db2000 nmethod 26000 0x0000000006d7d750 code [0x0000000006d7dca0, 0x0000000006d821b8]
Event: 6271.002 Thread 0x000000005656b800 nmethod 26001 0x0000000003aecd10 code [0x0000000003aecea0, 0x0000000003aed200]
Event: 6271.002 Thread 0x000000005656b800 26002       4       org.objectweb.asm.ClassWriter::toByteArray (1360 bytes)
Event: 6271.008 Thread 0x0000000057db2000 26005       3       org.objectweb.asm.SymbolTable::addConstantIntegerOrFloat (100 bytes)
Event: 6271.009 Thread 0x0000000057db2000 nmethod 26005 0x0000000003bcce90 code [0x0000000003bcd060, 0x0000000003bcd658]
Event: 6271.145 Thread 0x0000000057db2000 26011       3       com.android.builder.symbols.BytecodeRClassWriterKt::exportToCompiledJava (218 bytes)
Event: 6271.148 Thread 0x0000000057db2000 nmethod 26011 0x0000000006d7aa10 code [0x0000000006d7ad60, 0x0000000006d7c618]
Event: 6271.175 Thread 0x000000005656b800 nmethod 26002 0x0000000006d9abd0 code [0x0000000006d9b180, 0x0000000006d9e788]
Event: 6271.175 Thread 0x000000005656b800 26007 %     4       com.android.builder.symbols.BytecodeRClassWriterKt::generateResourceTypeClass @ 75 (595 bytes)

GC Heap History (10 events):
Event: 3605.638 GC heap after
Heap after GC invocations=25 (full 4):
 PSYoungGen      total 361984K, used 32986K [0x00000000e0000000, 0x00000000fb400000, 0x0000000100000000)
  eden space 328704K, 0% used [0x00000000e0000000,0x00000000e0000000,0x00000000f4100000)
  from space 33280K, 99% used [0x00000000f4d80000,0x00000000f6db6a68,0x00000000f6e00000)
  to   space 58880K, 0% used [0x00000000f7a80000,0x00000000f7a80000,0x00000000fb400000)
 ParOldGen       total 213504K, used 89586K [0x00000000a0000000, 0x00000000ad080000, 0x00000000e0000000)
  object space 213504K, 41% used [0x00000000a0000000,0x00000000a577c998,0x00000000ad080000)
 Metaspace       used 127663K, capacity 135258K, committed 135464K, reserved 1167360K
  class space    used 16783K, capacity 18215K, committed 18216K, reserved 1048576K
}
Event: 3620.729 GC heap before
{Heap before GC invocations=26 (full 4):
 PSYoungGen      total 361984K, used 361690K [0x00000000e0000000, 0x00000000fb400000, 0x0000000100000000)
  eden space 328704K, 100% used [0x00000000e0000000,0x00000000f4100000,0x00000000f4100000)
  from space 33280K, 99% used [0x00000000f4d80000,0x00000000f6db6a68,0x00000000f6e00000)
  to   space 58880K, 0% used [0x00000000f7a80000,0x00000000f7a80000,0x00000000fb400000)
 ParOldGen       total 213504K, used 89586K [0x00000000a0000000, 0x00000000ad080000, 0x00000000e0000000)
  object space 213504K, 41% used [0x00000000a0000000,0x00000000a577c998,0x00000000ad080000)
 Metaspace       used 128234K, capacity 135928K, committed 136104K, reserved 1167360K
  class space    used 16841K, capacity 18298K, committed 18344K, reserved 1048576K
Event: 3620.838 GC heap after
Heap after GC invocations=26 (full 4):
 PSYoungGen      total 357888K, used 27335K [0x00000000e0000000, 0x00000000fa300000, 0x0000000100000000)
  eden space 316416K, 0% used [0x00000000e0000000,0x00000000e0000000,0x00000000f3500000)
  from space 41472K, 65% used [0x00000000f7a80000,0x00000000f9531e58,0x00000000fa300000)
  to   space 56320K, 0% used [0x00000000f3500000,0x00000000f3500000,0x00000000f6c00000)
 ParOldGen       total 213504K, used 89594K [0x00000000a0000000, 0x00000000ad080000, 0x00000000e0000000)
  object space 213504K, 41% used [0x00000000a0000000,0x00000000a577e998,0x00000000ad080000)
 Metaspace       used 128234K, capacity 135928K, committed 136104K, reserved 1167360K
  class space    used 16841K, capacity 18298K, committed 18344K, reserved 1048576K
}
Event: 6235.342 GC heap before
{Heap before GC invocations=27 (full 4):
 PSYoungGen      total 357888K, used 343751K [0x00000000e0000000, 0x00000000fa300000, 0x0000000100000000)
  eden space 316416K, 100% used [0x00000000e0000000,0x00000000f3500000,0x00000000f3500000)
  from space 41472K, 65% used [0x00000000f7a80000,0x00000000f9531e58,0x00000000fa300000)
  to   space 56320K, 0% used [0x00000000f3500000,0x00000000f3500000,0x00000000f6c00000)
 ParOldGen       total 213504K, used 89594K [0x00000000a0000000, 0x00000000ad080000, 0x00000000e0000000)
  object space 213504K, 41% used [0x00000000a0000000,0x00000000a577e998,0x00000000ad080000)
 Metaspace       used 130484K, capacity 138556K, committed 138792K, reserved 1169408K
  class space    used 17097K, capacity 18681K, committed 18728K, reserved 1048576K
Event: 6235.444 GC heap after
Heap after GC invocations=27 (full 4):
 PSYoungGen      total 350720K, used 45931K [0x00000000e0000000, 0x00000000f9e80000, 0x0000000100000000)
  eden space 304640K, 0% used [0x00000000e0000000,0x00000000e0000000,0x00000000f2980000)
  from space 46080K, 99% used [0x00000000f3500000,0x00000000f61dada0,0x00000000f6200000)
  to   space 59904K, 0% used [0x00000000f6400000,0x00000000f6400000,0x00000000f9e80000)
 ParOldGen       total 213504K, used 89602K [0x00000000a0000000, 0x00000000ad080000, 0x00000000e0000000)
  object space 213504K, 41% used [0x00000000a0000000,0x00000000a5780998,0x00000000ad080000)
 Metaspace       used 130484K, capacity 138556K, committed 138792K, reserved 1169408K
  class space    used 17097K, capacity 18681K, committed 18728K, reserved 1048576K
}
Event: 6238.236 GC heap before
{Heap before GC invocations=28 (full 4):
 PSYoungGen      total 350720K, used 350571K [0x00000000e0000000, 0x00000000f9e80000, 0x0000000100000000)
  eden space 304640K, 100% used [0x00000000e0000000,0x00000000f2980000,0x00000000f2980000)
  from space 46080K, 99% used [0x00000000f3500000,0x00000000f61dada0,0x00000000f6200000)
  to   space 59904K, 0% used [0x00000000f6400000,0x00000000f6400000,0x00000000f9e80000)
 ParOldGen       total 213504K, used 89605K [0x00000000a0000000, 0x00000000ad080000, 0x00000000e0000000)
  object space 213504K, 41% used [0x00000000a0000000,0x00000000a5781498,0x00000000ad080000)
 Metaspace       used 130556K, capacity 138668K, committed 138792K, reserved 1169408K
  class space    used 17103K, capacity 18717K, committed 18728K, reserved 1048576K
Event: 6238.323 GC heap after
Heap after GC invocations=28 (full 4):
 PSYoungGen      total 364544K, used 39539K [0x00000000e0000000, 0x00000000fbf00000, 0x0000000100000000)
  eden space 304640K, 0% used [0x00000000e0000000,0x00000000e0000000,0x00000000f2980000)
  from space 59904K, 66% used [0x00000000f6400000,0x00000000f8a9ce68,0x00000000f9e80000)
  to   space 59904K, 0% used [0x00000000f2980000,0x00000000f2980000,0x00000000f6400000)
 ParOldGen       total 213504K, used 89677K [0x00000000a0000000, 0x00000000ad080000, 0x00000000e0000000)
  object space 213504K, 42% used [0x00000000a0000000,0x00000000a57934a8,0x00000000ad080000)
 Metaspace       used 130556K, capacity 138668K, committed 138792K, reserved 1169408K
  class space    used 17103K, capacity 18717K, committed 18728K, reserved 1048576K
}
Event: 6238.334 GC heap before
{Heap before GC invocations=29 (full 4):
 PSYoungGen      total 364544K, used 40426K [0x00000000e0000000, 0x00000000fbf00000, 0x0000000100000000)
  eden space 304640K, 0% used [0x00000000e0000000,0x00000000e00ddb58,0x00000000f2980000)
  from space 59904K, 66% used [0x00000000f6400000,0x00000000f8a9ce68,0x00000000f9e80000)
  to   space 59904K, 0% used [0x00000000f2980000,0x00000000f2980000,0x00000000f6400000)
 ParOldGen       total 213504K, used 89677K [0x00000000a0000000, 0x00000000ad080000, 0x00000000e0000000)
  object space 213504K, 42% used [0x00000000a0000000,0x00000000a57934a8,0x00000000ad080000)
 Metaspace       used 130556K, capacity 138668K, committed 138792K, reserved 1169408K
  class space    used 17103K, capacity 18717K, committed 18728K, reserved 1048576K
Event: 6238.405 GC heap after
Heap after GC invocations=29 (full 4):
 PSYoungGen      total 364544K, used 39567K [0x00000000e0000000, 0x00000000fef00000, 0x0000000100000000)
  eden space 304640K, 0% used [0x00000000e0000000,0x00000000e0000000,0x00000000f2980000)
  from space 59904K, 66% used [0x00000000f2980000,0x00000000f5023d58,0x00000000f6400000)
  to   space 59904K, 0% used [0x00000000fb480000,0x00000000fb480000,0x00000000fef00000)
 ParOldGen       total 213504K, used 89685K [0x00000000a0000000, 0x00000000ad080000, 0x00000000e0000000)
  object space 213504K, 42% used [0x00000000a0000000,0x00000000a57954a8,0x00000000ad080000)
 Metaspace       used 130556K, capacity 138668K, committed 138792K, reserved 1169408K
  class space    used 17103K, capacity 18717K, committed 18728K, reserved 1048576K
}
Event: 6271.239 GC heap before
{Heap before GC invocations=30 (full 4):
 PSYoungGen      total 364544K, used 344205K [0x00000000e0000000, 0x00000000fef00000, 0x0000000100000000)
  eden space 304640K, 99% used [0x00000000e0000000,0x00000000f297f998,0x00000000f2980000)
  from space 59904K, 66% used [0x00000000f2980000,0x00000000f5023d58,0x00000000f6400000)
  to   space 59904K, 0% used [0x00000000fb480000,0x00000000fb480000,0x00000000fef00000)
 ParOldGen       total 213504K, used 89685K [0x00000000a0000000, 0x00000000ad080000, 0x00000000e0000000)
  object space 213504K, 42% used [0x00000000a0000000,0x00000000a57954a8,0x00000000ad080000)
 Metaspace       used 130769K, capacity 138840K, committed 139048K, reserved 1169408K
  class space    used 17114K, capacity 18725K, committed 18728K, reserved 1048576K

Deoptimization events (10 events):
Event: 6238.784 Thread 0x000000006c80f800 Uncommon trap: reason=bimorphic action=maybe_recompile pc=0x000000000609abe8 method=java.io.BufferedOutputStream.flushBuffer()V @ 20
Event: 6238.787 Thread 0x000000006c80f800 Uncommon trap: reason=bimorphic action=maybe_recompile pc=0x00000000043dedc0 method=java.io.BufferedOutputStream.flushBuffer()V @ 20
Event: 6238.900 Thread 0x000000006c80f800 Uncommon trap: reason=bimorphic action=maybe_recompile pc=0x0000000004eda998 method=java.io.BufferedOutputStream.flushBuffer()V @ 20
Event: 6244.004 Thread 0x000000006c80f800 Uncommon trap: reason=unstable_if action=reinterpret pc=0x000000000566c388 method=com.android.manifmerger.XmlAttribute.<init>(Lcom/android/manifmerger/XmlElement;Lorg/w3c/dom/Attr;Lcom/android/manifmerger/AttributeModel;)V @ 112
Event: 6245.966 Thread 0x000000006c80c800 Uncommon trap: reason=bimorphic action=maybe_recompile pc=0x00000000056a6e74 method=com.google.gson.stream.JsonWriter.string(Ljava/lang/String;)V @ 23
Event: 6246.020 Thread 0x000000006c80c800 Uncommon trap: reason=bimorphic action=maybe_recompile pc=0x00000000056a6e74 method=com.google.gson.stream.JsonWriter.string(Ljava/lang/String;)V @ 23
Event: 6246.020 Thread 0x000000006c80c800 Uncommon trap: reason=bimorphic action=maybe_recompile pc=0x00000000056a6e74 method=com.google.gson.stream.JsonWriter.string(Ljava/lang/String;)V @ 23
Event: 6247.276 Thread 0x000000006c80f800 Uncommon trap: reason=unstable_if action=reinterpret pc=0x0000000005213d74 method=com.sun.org.apache.xerces.internal.dom.ParentNode.internalInsertBefore(Lorg/w3c/dom/Node;Lorg/w3c/dom/Node;Z)Lorg/w3c/dom/Node; @ 572
Event: 6247.520 Thread 0x000000006c80f800 Uncommon trap: reason=class_check action=maybe_recompile pc=0x0000000004d9f900 method=org.gradle.internal.operations.logging.LoggingBuildOperationProgressBroadcaster.onOutput(Lorg/gradle/internal/logging/events/OutputEvent;)V @ 8
Event: 6247.660 Thread 0x000000006c80f800 Uncommon trap: reason=unstable_if action=reinterpret pc=0x00000000060b0268 method=org.gradle.internal.execution.history.changes.CachingChangeContainer.accept(Lorg/gradle/internal/execution/history/changes/ChangeVisitor;)Z @ 108

Classes redefined (0 events):
No events

Internal exceptions (10 events):
Event: 6238.406 Thread 0x000000006c80f800 Exception <a 'sun/nio/fs/WindowsException'> (0x00000000e00339a8) thrown at [D:\src\AOSP-openjdk-cygwin\jdk8u\hotspot\src\share\vm\prims\jni.cpp, line 710]
Event: 6238.539 Thread 0x000000006c8b8800 Exception <a 'sun/nio/fs/WindowsException'> (0x00000000e3b51be0) thrown at [D:\src\AOSP-openjdk-cygwin\jdk8u\hotspot\src\share\vm\prims\jni.cpp, line 710]
Event: 6238.714 Thread 0x000000006c811000 Exception <a 'sun/nio/fs/WindowsException'> (0x00000000e5dc91a0) thrown at [D:\src\AOSP-openjdk-cygwin\jdk8u\hotspot\src\share\vm\prims\jni.cpp, line 710]
Event: 6238.724 Thread 0x000000006c8ba000 Exception <a 'sun/nio/fs/WindowsException'> (0x00000000e5e8b148) thrown at [D:\src\AOSP-openjdk-cygwin\jdk8u\hotspot\src\share\vm\prims\jni.cpp, line 710]
Event: 6238.765 Thread 0x000000006c80f800 Exception <a 'sun/nio/fs/WindowsException'> (0x00000000e013a560) thrown at [D:\src\AOSP-openjdk-cygwin\jdk8u\hotspot\src\share\vm\prims\jni.cpp, line 710]
Event: 6239.056 Thread 0x000000006c8ba000 Exception <a 'sun/nio/fs/WindowsException'> (0x00000000e71d7f78) thrown at [D:\src\AOSP-openjdk-cygwin\jdk8u\hotspot\src\share\vm\prims\jni.cpp, line 710]
Event: 6239.946 Thread 0x000000006c8ba000 Exception <a 'java/lang/NoSuchMethodError': <clinit>> (0x00000000ea0d7ab8) thrown at [D:\src\AOSP-openjdk-cygwin\jdk8u\hotspot\src\share\vm\prims\jni.cpp, line 1614]
Event: 6239.947 Thread 0x000000006c8ba000 Exception <a 'java/lang/NoSuchMethodError': <clinit>> (0x00000000ea0ea1f0) thrown at [D:\src\AOSP-openjdk-cygwin\jdk8u\hotspot\src\share\vm\prims\jni.cpp, line 1614]
Event: 6270.964 Thread 0x000000005caee000 Exception <a 'sun/nio/fs/WindowsException'> (0x00000000f0bd2fe0) thrown at [D:\src\AOSP-openjdk-cygwin\jdk8u\hotspot\src\share\vm\prims\jni.cpp, line 710]
Event: 6270.965 Thread 0x000000005caee000 Exception <a 'sun/nio/fs/WindowsException'> (0x00000000f0bd3488) thrown at [D:\src\AOSP-openjdk-cygwin\jdk8u\hotspot\src\share\vm\prims\jni.cpp, line 710]

Events (10 events):
Event: 6247.852 Thread 0x0000000057db1000 flushing nmethod 0x000000000429e150
Event: 6247.853 Thread 0x0000000057db1000 flushing nmethod 0x0000000004400a10
Event: 6270.931 Thread 0x000000005656b800 flushing nmethod 0x000000000528d4d0
Event: 6270.931 Thread 0x000000005656b800 flushing nmethod 0x0000000005345610
Event: 6271.001 Thread 0x000000005caee000 DEOPT PACKING pc=0x0000000006139588 sp=0x0000000072c3e010
Event: 6271.001 Thread 0x000000005caee000 DEOPT UNPACKING pc=0x00000000029875d0 sp=0x0000000072c3de28 mode 0
Event: 6271.059 Thread 0x000000005caee000 DEOPT PACKING pc=0x0000000006139588 sp=0x0000000072c3e010
Event: 6271.060 Thread 0x000000005caee000 DEOPT UNPACKING pc=0x00000000029875d0 sp=0x0000000072c3de28 mode 0
Event: 6271.150 Thread 0x0000000057db2000 flushing nmethod 0x00000000069f3510
Event: 6271.215 Executing VM operation: ParallelGCFailedAllocation


Dynamic libraries:
0x000000013f3c0000 - 0x000000013f3f1000 	C:\Program Files\Android\Android Studio\jre\bin\java.exe
0x0000000076fc0000 - 0x0000000077169000 	C:\Windows\SYSTEM32\ntdll.dll
0x0000000076da0000 - 0x0000000076ebf000 	C:\Windows\system32\kernel32.dll
0x000007fefd000000 - 0x000007fefd06b000 	C:\Windows\system32\KERNELBASE.dll
0x000007feff160000 - 0x000007feff23b000 	C:\Windows\system32\ADVAPI32.dll
0x000007fefd2e0000 - 0x000007fefd37f000 	C:\Windows\system32\msvcrt.dll
0x000007fefd3f0000 - 0x000007fefd40f000 	C:\Windows\SYSTEM32\sechost.dll
0x000007fefdb10000 - 0x000007fefdc3d000 	C:\Windows\system32\RPCRT4.dll
0x0000000076ec0000 - 0x0000000076fba000 	C:\Windows\system32\USER32.dll
0x000007fefd380000 - 0x000007fefd3e7000 	C:\Windows\system32\GDI32.dll
0x000007feff2c0000 - 0x000007feff2ce000 	C:\Windows\system32\LPK.dll
0x000007fefdc40000 - 0x000007fefdd09000 	C:\Windows\system32\USP10.dll
0x000007fefb9e0000 - 0x000007fefbbd4000 	C:\Windows\WinSxS\amd64_microsoft.windows.common-controls_6595b64144ccf1df_6.0.7601.17514_none_fa396087175ac9ac\COMCTL32.dll
0x000007fefed10000 - 0x000007fefed81000 	C:\Windows\system32\SHLWAPI.dll
0x000007fefece0000 - 0x000007fefed0e000 	C:\Windows\system32\IMM32.DLL
0x000007fefd410000 - 0x000007fefd519000 	C:\Windows\system32\MSCTF.dll
0x0000000069570000 - 0x0000000069642000 	C:\Program Files\Android\Android Studio\jre\jre\bin\msvcr100.dll
0x00000000641f0000 - 0x0000000064a36000 	C:\Program Files\Android\Android Studio\jre\jre\bin\server\jvm.dll
0x000007fef6550000 - 0x000007fef6559000 	C:\Windows\system32\WSOCK32.dll
0x000007fefec90000 - 0x000007fefecdd000 	C:\Windows\system32\WS2_32.dll
0x000007fefec80000 - 0x000007fefec88000 	C:\Windows\system32\NSI.dll
0x000007fefade0000 - 0x000007fefae1b000 	C:\Windows\system32\WINMM.dll
0x000007fefc070000 - 0x000007fefc07c000 	C:\Windows\system32\VERSION.dll
0x0000000077180000 - 0x0000000077187000 	C:\Windows\system32\PSAPI.DLL
0x000007feeea30000 - 0x000007feeea3f000 	C:\Program Files\Android\Android Studio\jre\jre\bin\verify.dll
0x000007feeea00000 - 0x000007feeea29000 	C:\Program Files\Android\Android Studio\jre\jre\bin\java.dll
0x000007feee9e0000 - 0x000007feee9f6000 	C:\Program Files\Android\Android Studio\jre\jre\bin\zip.dll
0x000007fefdd10000 - 0x000007fefea98000 	C:\Windows\system32\SHELL32.dll
0x000007fefd5c0000 - 0x000007fefd7c3000 	C:\Windows\system32\ole32.dll
0x000007fefcf10000 - 0x000007fefcf1f000 	C:\Windows\system32\profapi.dll
0x000007feee9c0000 - 0x000007feee9da000 	C:\Program Files\Android\Android Studio\jre\jre\bin\net.dll
0x000007fefeb00000 - 0x000007fefec78000 	C:\Windows\system32\urlmon.dll
0x000007fefedb0000 - 0x000007fefeeda000 	C:\Windows\system32\WININET.dll
0x000007fefd7d0000 - 0x000007fefda29000 	C:\Windows\system32\iertutil.dll
0x000007fefda30000 - 0x000007fefdb07000 	C:\Windows\system32\OLEAUT32.dll
0x000007fefd170000 - 0x000007fefd2d7000 	C:\Windows\system32\CRYPT32.dll
0x000007fefcfb0000 - 0x000007fefcfbf000 	C:\Windows\system32\MSASN1.dll
0x000007fefc740000 - 0x000007fefc795000 	C:\Windows\system32\mswsock.dll
0x000007fefc730000 - 0x000007fefc737000 	C:\Windows\System32\wship6.dll
0x000007feee9a0000 - 0x000007feee9b3000 	C:\Program Files\Android\Android Studio\jre\jre\bin\nio.dll
0x000007feed9e0000 - 0x000007feeda06000 	C:\Users\user\.gradle\native\30\windows-amd64\native-platform.dll
0x000007feeea40000 - 0x000007feeea4d000 	C:\Program Files\Android\Android Studio\jre\jre\bin\management.dll
0x000007fefc7a0000 - 0x000007fefc7b7000 	C:\Windows\system32\CRYPTSP.dll
0x000007fefc4a0000 - 0x000007fefc4e7000 	C:\Windows\system32\rsaenh.dll
0x000007fefc260000 - 0x000007fefc27e000 	C:\Windows\system32\USERENV.dll
0x000007fefce00000 - 0x000007fefce0f000 	C:\Windows\system32\CRYPTBASE.dll
0x000007fefafb0000 - 0x000007fefafd7000 	C:\Windows\system32\IPHLPAPI.DLL
0x000007fefafa0000 - 0x000007fefafab000 	C:\Windows\system32\WINNSI.DLL
0x000007fef7c80000 - 0x000007fef7c98000 	C:\Windows\system32\dhcpcsvc.DLL
0x000007fef7bc0000 - 0x000007fef7bd1000 	C:\Windows\system32\dhcpcsvc6.DLL
0x000007fefcda0000 - 0x000007fefcdf7000 	C:\Windows\system32\apphelp.dll
0x000007feecdd0000 - 0x000007feecdf4000 	C:\Program Files\Android\Android Studio\jre\jre\bin\sunec.dll
0x000007fefc140000 - 0x000007fefc147000 	C:\Windows\System32\wshtcpip.dll
0x000007fefc5c0000 - 0x000007fefc61b000 	C:\Windows\system32\DNSAPI.dll
0x0000000000550000 - 0x0000000000576000 	C:\Program Files\Bonjour\mdnsNSP.dll
0x000007fefa5a0000 - 0x000007fefa5a8000 	C:\Windows\system32\rasadhlp.dll
0x000007fef9ca0000 - 0x000007fef9cf3000 	C:\Windows\System32\fwpuclnt.dll
0x000007feeda90000 - 0x000007feeda9b000 	C:\Program Files\Android\Android Studio\jre\jre\bin\sunmscapi.dll
0x000007feebe90000 - 0x000007feebfb5000 	C:\Windows\system32\dbghelp.dll

VM Arguments:
jvm_args: -Xmx1536m -Dfile.encoding=windows-1252 -Duser.country=US -Duser.language=en -Duser.variant 
java_command: org.gradle.launcher.daemon.bootstrap.GradleDaemon 5.6.4
java_class_path (initial): C:\Users\user\.gradle\wrapper\dists\gradle-5.6.4-all\ankdp27end7byghfw1q2sw75f\gradle-5.6.4\lib\gradle-launcher-5.6.4.jar
Launcher Type: SUN_STANDARD

Environment Variables:
PATH=C:\Program Files\Java\jdk-12\bin;C:\ADB\;C:\Program Files\Git\cmd
USERNAME=user
OS=Windows_NT
PROCESSOR_IDENTIFIER=Intel64 Family 6 Model 42 Stepping 7, GenuineIntel



---------------  S Y S T E M  ---------------

OS: Windows 7 , 64 bit Build 7601 (6.1.7601.17514)

CPU:total 4 (initial active 4) (2 cores per cpu, 2 threads per core) family 6 model 42 stepping 7, cmov, cx8, fxsr, mmx, sse, sse2, sse3, ssse3, sse4.1, sse4.2, popcnt, avx, clmul, ht, tsc, tscinvbit

Memory: 4k page, physical 6189424k(833104k free), swap 12377004k(4471768k free)

vm_info: OpenJDK 64-Bit Server VM (25.212-b04) for windows-amd64 JRE (1.8.0_212-release-1586-b04), built by "builder" with MS VC++ 10.0 (VS2010)

time: Sat Jul 18 12:40:16 2020
timezone: W. Central Africa Standard Time
elapsed time: 6272 seconds (0d 1h 44m 32s)

